MyNote/app/build/intermediates/manifest_merge_blame_file/debug/manifest-merger-blame-debug-report.txt
1<?xml version="1.0" encoding="utf-8"?>
2<manifest xmlns:android="http://schemas.android.com/apk/res/android"
3    package="zj.dzh.notepad"
4    android:versionCode="1"
5    android:versionName="1.0" >
6
7    <uses-sdk
8        android:minSdkVersion="21"
8-->src\main\AndroidManifest.xml
9        android:targetSdkVersion="28" />
9-->src\main\AndroidManifest.xml
10
11    <uses-permission android:name="android.permission.CAMERA" />
11-->src\main\AndroidManifest.xml:4:5-64
11-->src\main\AndroidManifest.xml:4:22-62
12    <uses-permission android:name="android.permission.WRITE_EXTERNAL_STORAGE" />
12-->src\main\AndroidManifest.xml:5:5-81
12-->src\main\AndroidManifest.xml:5:22-78
13    <uses-permission android:name="android.permission.READ_EXTERNAL_STORAGE" />
13-->src\main\AndroidManifest.xml:6:5-80
13-->src\main\AndroidManifest.xml:6:22-77
14
15    <application
15-->src\main\AndroidManifest.xml:8:5-30:19
16        android:allowBackup="true"
16-->src\main\AndroidManifest.xml:9:9-35
17        android:appComponentFactory="androidx.core.app.CoreComponentFactory"
17-->[androidx.core:core:1.3.1] AndroidManifest.xml:24:18-86
18        android:debuggable="true"
19        android:icon="@mipmap/ic_launcher"
19-->src\main\AndroidManifest.xml:10:9-43
20        android:label="@string/app_name"
20-->src\main\AndroidManifest.xml:11:9-41
21        android:roundIcon="@mipmap/ic_launcher_round"
21-->src\main\AndroidManifest.xml:12:9-54
22        android:supportsRtl="true"
22-->src\main\AndroidManifest.xml:13:9-35
23        android:testOnly="true"
24        android:theme="@style/Theme.AppCompat.DayNight" >
24-->src\main\AndroidManifest.xml:14:9-56
25        <activity
25-->src\main\AndroidManifest.xml:15:9-17:103
26            android:name="com.example.mynote.AboutActivity"
26-->src\main\AndroidManifest.xml:16:13-60
27            android:exported="true"
27-->src\main\AndroidManifest.xml:17:13-36
28            android:parentActivityName="com.example.mynote.NotepadActivity" />
28-->src\main\AndroidManifest.xml:17:37-100
29        <activity
29-->src\main\AndroidManifest.xml:18:9-20:79
30            android:name="com.example.mynote.RecordActivity"
30-->src\main\AndroidManifest.xml:19:13-61
31            android:parentActivityName="com.example.mynote.NotepadActivity" />
31-->src\main\AndroidManifest.xml:20:13-76
32        <activity android:name="com.example.mynote.NotepadActivity" />
32-->src\main\AndroidManifest.xml:21:9-80
32-->src\main\AndroidManifest.xml:21:19-68
33        <activity android:name="com.example.mynote.RegisterActivity" />
33-->src\main\AndroidManifest.xml:22:9-72
33-->src\main\AndroidManifest.xml:22:19-69
34        <activity android:name="com.example.mynote.LoginActivity" >
34-->src\main\AndroidManifest.xml:23:9-29:20
34-->src\main\AndroidManifest.xml:23:19-66
35            <intent-filter>
35-->src\main\AndroidManifest.xml:24:13-28:29
36                <action android:name="android.intent.action.MAIN" />
36-->src\main\AndroidManifest.xml:25:17-69
36-->src\main\AndroidManifest.xml:25:25-66
37
38                <category android:name="android.intent.category.LAUNCHER" />
38-->src\main\AndroidManifest.xml:27:17-77
38-->src\main\AndroidManifest.xml:27:27-74
39            </intent-filter>
40        </activity>
41    </application>
42
43</manifest>